[0m08:02:06.775495 [debug] [MainThread]: Sending event: {'category': 'dbt', 'action': 'invocation', 'label': 'start', 'context': [<snowplow_tracker.self_describing_json.SelfDescribingJson object at 0x755ada98fc70>, <snowplow_tracker.self_describing_json.SelfDescribingJson object at 0x755ad8804a30>, <snowplow_tracker.self_describing_json.SelfDescribingJson object at 0x755ad8804970>]}


============================== 08:02:06.779170 | b629de8d-ff06-41eb-aecf-4e685346a2af ==============================
[0m08:02:06.779170 [info ] [MainThread]: Running with dbt=1.7.0
[0m08:02:06.780229 [debug] [MainThread]: running dbt with arguments {'printer_width': '80', 'indirect_selection': 'eager', 'write_json': 'True', 'log_cache_events': 'False', 'partial_parse': 'True', 'cache_selected_only': 'False', 'profiles_dir': '/usr/app/dbt', 'version_check': 'True', 'debug': 'False', 'log_path': 'logs', 'warn_error': 'None', 'fail_fast': 'False', 'use_colors': 'True', 'use_experimental_parser': 'False', 'no_print': 'None', 'quiet': 'False', 'warn_error_options': 'WarnErrorOptions(include=[], exclude=[])', 'invocation_command': 'dbt init ecommerce_analytics', 'static_parser': 'True', 'log_format': 'default', 'target_path': 'None', 'introspect': 'True', 'send_anonymous_usage_stats': 'True'}
[0m08:02:06.782237 [debug] [MainThread]: Starter project path: /usr/local/lib/python3.10/site-packages/dbt/include/starter_project
[0m08:02:06.874399 [info ] [MainThread]: 
Your new dbt project "ecommerce_analytics" was created!

For more information on how to configure the profiles.yml file,
please consult the dbt documentation here:

  https://docs.getdbt.com/docs/configure-your-profile

One more thing:

Need help? Don't hesitate to reach out to us via GitHub issues or on Slack:

  https://community.getdbt.com/

Happy modeling!

[0m08:02:06.875130 [info ] [MainThread]: Setting up your profile.
[0m08:04:08.134827 [info ] [MainThread]: Profile ecommerce_analytics written to /usr/app/dbt/profiles.yml using target's sample configuration. Once updated, you'll be able to start developing with dbt.
[0m08:04:08.136355 [debug] [MainThread]: Resource report: {"command_name": "init", "command_success": true, "command_wall_clock_time": 121.37299, "process_user_time": 1.124703, "process_kernel_time": 0.091085, "process_mem_max_rss": "95256", "process_in_blocks": "9968", "process_out_blocks": "608"}
[0m08:04:08.137244 [debug] [MainThread]: Command `dbt init` succeeded at 08:04:08.137146 after 121.37 seconds
[0m08:04:08.138013 [debug] [MainThread]: Sending event: {'category': 'dbt', 'action': 'invocation', 'label': 'end', 'context': [<snowplow_tracker.self_describing_json.SelfDescribingJson object at 0x755ada98fc70>, <snowplow_tracker.self_describing_json.SelfDescribingJson object at 0x755adcbfecb0>, <snowplow_tracker.self_describing_json.SelfDescribingJson object at 0x755ad8676bc0>]}
[0m08:04:08.138612 [debug] [MainThread]: Flushing usage events
[0m08:21:12.331319 [debug] [MainThread]: Sending event: {'category': 'dbt', 'action': 'invocation', 'label': 'start', 'context': [<snowplow_tracker.self_describing_json.SelfDescribingJson object at 0x7bea7af03340>, <snowplow_tracker.self_describing_json.SelfDescribingJson object at 0x7bea78c39e70>, <snowplow_tracker.self_describing_json.SelfDescribingJson object at 0x7bea78c39e10>]}


============================== 08:21:12.333763 | 04dd1492-27f9-4c11-ae6f-bab84a3268ff ==============================
[0m08:21:12.333763 [info ] [MainThread]: Running with dbt=1.7.0
[0m08:21:12.334554 [debug] [MainThread]: running dbt with arguments {'printer_width': '80', 'indirect_selection': 'eager', 'write_json': 'True', 'log_cache_events': 'False', 'partial_parse': 'True', 'cache_selected_only': 'False', 'profiles_dir': '/usr/app/dbt', 'debug': 'False', 'fail_fast': 'False', 'log_path': 'logs', 'warn_error': 'None', 'version_check': 'True', 'use_colors': 'True', 'use_experimental_parser': 'False', 'no_print': 'None', 'quiet': 'False', 'log_format': 'default', 'introspect': 'True', 'warn_error_options': 'WarnErrorOptions(include=[], exclude=[])', 'invocation_command': 'dbt run', 'target_path': 'None', 'static_parser': 'True', 'send_anonymous_usage_stats': 'True'}
[0m08:21:12.335434 [error] [MainThread]: Encountered an error:
Runtime Error
  No dbt_project.yml found at expected path /usr/app/dbt/dbt_project.yml
  Verify that each entry within packages.yml (and their transitive dependencies) contains a file named dbt_project.yml
  
[0m08:21:12.336375 [debug] [MainThread]: Resource report: {"command_name": "run", "command_wall_clock_time": 0.038655072, "process_user_time": 1.113046, "process_kernel_time": 0.0884, "process_mem_max_rss": "90288", "command_success": false, "process_in_blocks": "0", "process_out_blocks": "0"}
[0m08:21:12.337156 [debug] [MainThread]: Command `dbt run` failed at 08:21:12.337066 after 0.04 seconds
[0m08:21:12.337770 [debug] [MainThread]: Sending event: {'category': 'dbt', 'action': 'invocation', 'label': 'end', 'context': [<snowplow_tracker.self_describing_json.SelfDescribingJson object at 0x7bea7af03340>, <snowplow_tracker.self_describing_json.SelfDescribingJson object at 0x7bea78c39f00>, <snowplow_tracker.self_describing_json.SelfDescribingJson object at 0x7bea78c39e10>]}
[0m08:21:12.338471 [debug] [MainThread]: Flushing usage events
[0m08:21:57.467934 [debug] [MainThread]: Sending event: {'category': 'dbt', 'action': 'invocation', 'label': 'start', 'context': [<snowplow_tracker.self_describing_json.SelfDescribingJson object at 0x79c90ae73340>, <snowplow_tracker.self_describing_json.SelfDescribingJson object at 0x79c908bf5de0>, <snowplow_tracker.self_describing_json.SelfDescribingJson object at 0x79c908bf5d80>]}


============================== 08:21:57.470996 | e7d7fde3-c177-4c7e-a684-d835a53d1b12 ==============================
[0m08:21:57.470996 [info ] [MainThread]: Running with dbt=1.7.0
[0m08:21:57.471850 [debug] [MainThread]: running dbt with arguments {'printer_width': '80', 'indirect_selection': 'eager', 'write_json': 'True', 'log_cache_events': 'False', 'partial_parse': 'True', 'cache_selected_only': 'False', 'warn_error': 'None', 'version_check': 'True', 'debug': 'False', 'log_path': 'logs', 'fail_fast': 'False', 'profiles_dir': '/usr/app/dbt', 'use_colors': 'True', 'use_experimental_parser': 'False', 'no_print': 'None', 'quiet': 'False', 'log_format': 'default', 'static_parser': 'True', 'warn_error_options': 'WarnErrorOptions(include=[], exclude=[])', 'invocation_command': 'dbt run', 'target_path': 'None', 'introspect': 'True', 'send_anonymous_usage_stats': 'True'}
[0m08:21:57.472911 [error] [MainThread]: Encountered an error:
Runtime Error
  No dbt_project.yml found at expected path /usr/app/dbt/dbt_project.yml
  Verify that each entry within packages.yml (and their transitive dependencies) contains a file named dbt_project.yml
  
[0m08:21:57.474048 [debug] [MainThread]: Resource report: {"command_name": "run", "command_wall_clock_time": 0.038556915, "process_user_time": 1.136539, "process_kernel_time": 0.04402, "process_mem_max_rss": "90716", "command_success": false, "process_in_blocks": "0", "process_out_blocks": "0"}
[0m08:21:57.474883 [debug] [MainThread]: Command `dbt run` failed at 08:21:57.474799 after 0.04 seconds
[0m08:21:57.475520 [debug] [MainThread]: Sending event: {'category': 'dbt', 'action': 'invocation', 'label': 'end', 'context': [<snowplow_tracker.self_describing_json.SelfDescribingJson object at 0x79c90ae73340>, <snowplow_tracker.self_describing_json.SelfDescribingJson object at 0x79c908bf5e70>, <snowplow_tracker.self_describing_json.SelfDescribingJson object at 0x79c908bf5d80>]}
[0m08:21:57.476134 [debug] [MainThread]: Flushing usage events
[0m08:22:35.546140 [debug] [MainThread]: Sending event: {'category': 'dbt', 'action': 'invocation', 'label': 'start', 'context': [<snowplow_tracker.self_describing_json.SelfDescribingJson object at 0x7858a0c9f340>, <snowplow_tracker.self_describing_json.SelfDescribingJson object at 0x78589e9d5ea0>, <snowplow_tracker.self_describing_json.SelfDescribingJson object at 0x78589e9d5e40>]}


============================== 08:22:35.549167 | dc62a6ca-2b72-4065-bde8-a313bd189402 ==============================
[0m08:22:35.549167 [info ] [MainThread]: Running with dbt=1.7.0
[0m08:22:35.550172 [debug] [MainThread]: running dbt with arguments {'printer_width': '80', 'indirect_selection': 'eager', 'log_cache_events': 'False', 'write_json': 'True', 'partial_parse': 'True', 'cache_selected_only': 'False', 'warn_error': 'None', 'debug': 'False', 'version_check': 'True', 'log_path': 'logs', 'profiles_dir': '/usr/app/dbt', 'fail_fast': 'False', 'use_colors': 'True', 'use_experimental_parser': 'False', 'no_print': 'None', 'quiet': 'False', 'warn_error_options': 'WarnErrorOptions(include=[], exclude=[])', 'invocation_command': 'dbt run', 'introspect': 'True', 'log_format': 'default', 'target_path': 'None', 'static_parser': 'True', 'send_anonymous_usage_stats': 'True'}
[0m08:22:35.551186 [error] [MainThread]: Encountered an error:
Runtime Error
  No dbt_project.yml found at expected path /usr/app/dbt/dbt_project.yml
  Verify that each entry within packages.yml (and their transitive dependencies) contains a file named dbt_project.yml
  
[0m08:22:35.552483 [debug] [MainThread]: Resource report: {"command_name": "run", "command_wall_clock_time": 0.03996087, "process_user_time": 1.185178, "process_kernel_time": 0.077117, "process_mem_max_rss": "90432", "process_in_blocks": "76504", "command_success": false, "process_out_blocks": "0"}
[0m08:22:35.553280 [debug] [MainThread]: Command `dbt run` failed at 08:22:35.553176 after 0.04 seconds
[0m08:22:35.553934 [debug] [MainThread]: Sending event: {'category': 'dbt', 'action': 'invocation', 'label': 'end', 'context': [<snowplow_tracker.self_describing_json.SelfDescribingJson object at 0x7858a0c9f340>, <snowplow_tracker.self_describing_json.SelfDescribingJson object at 0x78589e9d5f30>, <snowplow_tracker.self_describing_json.SelfDescribingJson object at 0x78589e9d5e40>]}
[0m08:22:35.554557 [debug] [MainThread]: Flushing usage events
[0m08:24:34.998744 [debug] [MainThread]: Sending event: {'category': 'dbt', 'action': 'invocation', 'label': 'start', 'context': [<snowplow_tracker.self_describing_json.SelfDescribingJson object at 0x76f0d04f3340>, <snowplow_tracker.self_describing_json.SelfDescribingJson object at 0x76f0ce25df60>, <snowplow_tracker.self_describing_json.SelfDescribingJson object at 0x76f0ce25df00>]}


============================== 08:24:35.001487 | 964fa3dc-85f2-40ea-b2f4-939a8b1911ba ==============================
[0m08:24:35.001487 [info ] [MainThread]: Running with dbt=1.7.0
[0m08:24:35.002318 [debug] [MainThread]: running dbt with arguments {'printer_width': '80', 'indirect_selection': 'eager', 'write_json': 'True', 'log_cache_events': 'False', 'partial_parse': 'True', 'cache_selected_only': 'False', 'profiles_dir': '/usr/app/dbt', 'fail_fast': 'False', 'debug': 'False', 'log_path': 'logs', 'warn_error': 'None', 'version_check': 'True', 'use_colors': 'True', 'use_experimental_parser': 'False', 'no_print': 'None', 'quiet': 'False', 'warn_error_options': 'WarnErrorOptions(include=[], exclude=[])', 'static_parser': 'True', 'invocation_command': 'dbt docs generate --profiles-dir /usr/app/dbt', 'introspect': 'True', 'target_path': 'None', 'log_format': 'default', 'send_anonymous_usage_stats': 'True'}
[0m08:24:35.003093 [error] [MainThread]: Encountered an error:
Runtime Error
  No dbt_project.yml found at expected path /usr/app/dbt/dbt_project.yml
  Verify that each entry within packages.yml (and their transitive dependencies) contains a file named dbt_project.yml
  
[0m08:24:35.004842 [debug] [MainThread]: Resource report: {"command_name": "generate", "command_wall_clock_time": 0.040051136, "process_user_time": 1.14658, "process_kernel_time": 0.130924, "process_mem_max_rss": "90444", "process_in_blocks": "76504", "command_success": false, "process_out_blocks": "0"}
[0m08:24:35.005768 [debug] [MainThread]: Command `dbt docs generate` failed at 08:24:35.005655 after 0.04 seconds
[0m08:24:35.006464 [debug] [MainThread]: Sending event: {'category': 'dbt', 'action': 'invocation', 'label': 'end', 'context': [<snowplow_tracker.self_describing_json.SelfDescribingJson object at 0x76f0d04f3340>, <snowplow_tracker.self_describing_json.SelfDescribingJson object at 0x76f0ce25dff0>, <snowplow_tracker.self_describing_json.SelfDescribingJson object at 0x76f0ce25df00>]}
[0m08:24:35.007179 [debug] [MainThread]: Flushing usage events
